Determining if the pthread_create exist failed with the following output:
Change Dir: /home/viki/curso_ros/catkin/build/CMakeFiles/CMakeTmp

Run Build Command:/usr/bin/make "cmTryCompileExec264929419/fast"
/usr/bin/make -f CMakeFiles/cmTryCompileExec264929419.dir/build.make CMakeFiles/cmTryCompileExec264929419.dir/build
make[1]: Entering directory `/home/viki/curso_ros/catkin/build/CMakeFiles/CMakeTmp'
/usr/bin/cmake -E cmake_progress_report /home/viki/curso_ros/catkin/build/CMakeFiles/CMakeTmp/CMakeFiles 1
Building C object CMakeFiles/cmTryCompileExec264929419.dir/CheckSymbolExists.c.o
/usr/bin/cc    -o CMakeFiles/cmTryCompileExec264929419.dir/CheckSymbolExists.c.o   -c /home/viki/curso_ros/catkin/build/CMakeFiles/CMakeTmp/CheckSymbolExists.c
Linking C executable cmTryCompileExec264929419
/usr/bin/cmake -E cmake_link_script CMakeFiles/cmTryCompileExec264929419.dir/link.txt --verbose=1
/usr/bin/cc       CMakeFiles/cmTryCompileExec264929419.dir/CheckSymbolExists.c.o  -o cmTryCompileExec264929419 -rdynamic 
CMakeFilesmake[1]: Leaving directory `/home/viki/curso_ros/catkin/build/CMakeFiles/CMakeTmp'
/cmTryCompileExec264929419.dir/CheckSymbolExists.c.o: In function `main':
CheckSymbolExists.c:(.text+0xa): undefined reference to `pthread_create'
collect2: error: ld returned 1 exit status
make[1]: *** [cmTryCompileExec264929419] Error 1
make: *** [cmTryCompileExec264929419/fast] Error 2

File /home/viki/curso_ros/catkin/build/CMakeFiles/CMakeTmp/CheckSymbolExists.c:
/* */
#include <pthread.h>

int main(int argc, char** argv)
{
  (void)argv;
#ifndef pthread_create
  return ((int*)(&pthread_create))[argc];
#else
  (void)argc;
  return 0;
#endif
}

Determining if the function pthread_create exists in the pthreads failed with the following output:
Change Dir: /home/viki/curso_ros/catkin/build/CMakeFiles/CMakeTmp

Run Build Command:/usr/bin/make "cmTryCompileExec3344059716/fast"
/usr/bin/make -f CMakeFiles/cmTryCompileExec3344059716.dir/build.make CMakeFiles/cmTryCompileExec3344059716.dir/build
make[1]: Entering directory `/home/viki/curso_ros/catkin/build/CMakeFiles/CMakeTmp'
/usr/bin/cmake -E cmake_progress_report /home/viki/curso_ros/catkin/build/CMakeFiles/CMakeTmp/CMakeFiles 1
Building C object CMakeFiles/cmTryCompileExec3344059716.dir/CheckFunctionExists.c.o
/usr/bin/cc   -DCHECK_FUNCTION_EXISTS=pthread_create   -o CMakeFiles/cmTryCompileExec3344059716.dir/CheckFunctionExists.c.o   -c /usr/share/cmake-2.8/Modules/CheckFunctionExists.c
Linking C executable cmTryCompileExec3344059716
/usr/bin/cmake -E cmake_link_script CMakeFiles/cmTryCompileExec3344059716.dir/link.txt --verbose=1
/usr/bin/cc   -DCHECK_FUNCTION_EXISTS=pthread_create    CMakeFiles/cmTryCompileExec3344059716.dir/CheckFunctionExists.c.o  -o cmTryCompileExec3344059716 -rdynamic -lpthreads 
/usr/bin/ld: cannot find -lpthreads
collect2: error: ld returned 1 exit status
make[1]: Leaving directory `/home/viki/curso_ros/catkin/build/CMakeFiles/CMakeTmp'
make[1]: *** [cmTryCompileExec3344059716] Error 1
make: *** [cmTryCompileExec3344059716/fast] Error 2


